{"timestamp": "2025-09-21T11:55:40.257842Z", "level": "INFO", "logger": "app.logging_config", "message": "Logging configured", "module": "logging_config", "function": "configure_logging", "line": 260, "thread": 8443355328, "process": 32828, "taskName": null, "log_level": "INFO", "enable_request_logging": true, "event": "logging_configured"}
{"timestamp": "2025-09-21T11:55:45.809647Z", "level": "INFO", "logger": "app.logging_config", "message": "Logging configured", "module": "logging_config", "function": "configure_logging", "line": 260, "thread": 8443355328, "process": 32850, "taskName": null, "log_level": "INFO", "enable_request_logging": true, "event": "logging_configured"}
{"timestamp": "2025-09-21T11:55:45.811151Z", "level": "INFO", "logger": "app.logging_config", "message": "Logging configured", "module": "logging_config", "function": "configure_logging", "line": 260, "thread": 8443355328, "process": 32850, "taskName": null, "log_level": "INFO", "enable_request_logging": true, "event": "logging_configured"}
{"timestamp": "2025-09-21T11:55:46.180052Z", "level": "INFO", "logger": "app.logging_config", "message": "Logging configured", "module": "logging_config", "function": "configure_logging", "line": 260, "thread": 8443355328, "process": 32853, "taskName": null, "log_level": "INFO", "enable_request_logging": true, "event": "logging_configured"}
{"timestamp": "2025-09-21T11:55:46.181549Z", "level": "INFO", "logger": "app.logging_config", "message": "Logging configured", "module": "logging_config", "function": "configure_logging", "line": 260, "thread": 8443355328, "process": 32853, "taskName": null, "log_level": "INFO", "enable_request_logging": true, "event": "logging_configured"}
{"timestamp": "2025-09-21T11:55:46.197381Z", "level": "INFO", "logger": "app.main", "message": "\ud83d\ude80 Starting ML Recommendations API...", "module": "main", "function": "lifespan", "line": 82, "thread": 8443355328, "process": 32853, "taskName": "Task-2"}
{"timestamp": "2025-09-21T11:55:46.197436Z", "level": "INFO", "logger": "app.data_loader", "message": "\ud83d\udd27 Enhanced Data Loader initialized", "module": "data_loader", "function": "__init__", "line": 44, "thread": 8443355328, "process": 32853, "taskName": "Task-2"}
{"timestamp": "2025-09-21T11:55:46.197469Z", "level": "INFO", "logger": "app.application_stats", "message": "\ud83d\udd27 Application Stats Loader initialized", "module": "application_stats", "function": "__init__", "line": 48, "thread": 8443355328, "process": 32853, "taskName": "Task-2"}
{"timestamp": "2025-09-21T11:55:46.197500Z", "level": "INFO", "logger": "app.interview_meta", "message": "\ud83d\udd27 Interview Metadata Loader initialized", "module": "interview_meta", "function": "__init__", "line": 55, "thread": 8443355328, "process": 32853, "taskName": "Task-2"}
{"timestamp": "2025-09-21T11:55:46.197527Z", "level": "INFO", "logger": "app.alumni", "message": "\ud83d\udd27 Alumni Manager initialized", "module": "alumni", "function": "__init__", "line": 50, "thread": 8443355328, "process": 32853, "taskName": "Task-2"}
{"timestamp": "2025-09-21T11:55:46.197555Z", "level": "INFO", "logger": "app.ml_model", "message": "\ud83d\udd04 Loading ML data...", "module": "ml_model", "function": "load_data", "line": 74, "thread": 8443355328, "process": 32853, "taskName": "Task-2"}
{"timestamp": "2025-09-21T11:55:46.204611Z", "level": "INFO", "logger": "app.ml_model", "message": "\u2705 Loaded student.csv: 500 records", "module": "ml_model", "function": "load_data", "line": 89, "thread": 8443355328, "process": 32853, "taskName": "Task-2"}
{"timestamp": "2025-09-21T11:55:46.205497Z", "level": "INFO", "logger": "app.ml_model", "message": "\u2705 Loaded internship.csv: 200 records", "module": "ml_model", "function": "load_data", "line": 89, "thread": 8443355328, "process": 32853, "taskName": "Task-2"}
{"timestamp": "2025-09-21T11:55:46.208253Z", "level": "INFO", "logger": "app.ml_model", "message": "\u2705 Loaded interactions.csv: 2000 records", "module": "ml_model", "function": "load_data", "line": 89, "thread": 8443355328, "process": 32853, "taskName": "Task-2"}
{"timestamp": "2025-09-21T11:55:46.209451Z", "level": "INFO", "logger": "app.ml_model", "message": "\u2705 Loaded outcomes.csv: 800 records", "module": "ml_model", "function": "load_data", "line": 89, "thread": 8443355328, "process": 32853, "taskName": "Task-2"}
{"timestamp": "2025-09-21T11:55:46.209925Z", "level": "INFO", "logger": "app.ml_model", "message": "\u2705 Loaded internship_skills_courses.csv: 24 records", "module": "ml_model", "function": "load_data", "line": 89, "thread": 8443355328, "process": 32853, "taskName": "Task-2"}
{"timestamp": "2025-09-21T11:55:46.211876Z", "level": "INFO", "logger": "app.ml_model", "message": "\u2705 Course readiness data loaded", "module": "ml_model", "function": "load_data", "line": 97, "thread": 8443355328, "process": 32853, "taskName": "Task-2"}
{"timestamp": "2025-09-21T11:55:46.211912Z", "level": "INFO", "logger": "app.data_loader", "message": "\ud83d\udd04 Loading enhanced internship data...", "module": "data_loader", "function": "load_enhanced_internships", "line": 53, "thread": 8443355328, "process": 32853, "taskName": "Task-2"}
{"timestamp": "2025-09-21T11:55:46.214914Z", "level": "INFO", "logger": "app.data_loader", "message": "\u2705 Loaded enhanced internship data: 1000 internships", "module": "data_loader", "function": "load_enhanced_internships", "line": 61, "thread": 8443355328, "process": 32853, "taskName": "Task-2"}
{"timestamp": "2025-09-21T11:55:46.214950Z", "level": "INFO", "logger": "app.data_loader", "message": "\ud83d\udd04 Loading company metadata...", "module": "data_loader", "function": "load_company_metadata", "line": 89, "thread": 8443355328, "process": 32853, "taskName": "Task-2"}
{"timestamp": "2025-09-21T11:55:46.215566Z", "level": "INFO", "logger": "app.data_loader", "message": "\u2705 Loaded company metadata: 200 companies", "module": "data_loader", "function": "load_company_metadata", "line": 95, "thread": 8443355328, "process": 32853, "taskName": "Task-2"}
{"timestamp": "2025-09-21T11:55:46.215602Z", "level": "INFO", "logger": "app.data_loader", "message": "\ud83d\udd17 Merging company metadata...", "module": "data_loader", "function": "_merge_company_metadata", "line": 138, "thread": 8443355328, "process": 32853, "taskName": "Task-2"}
{"timestamp": "2025-09-21T11:55:46.222832Z", "level": "INFO", "logger": "app.data_loader", "message": "\u2705 Company metadata merged successfully", "module": "data_loader", "function": "_merge_company_metadata", "line": 160, "thread": 8443355328, "process": 32853, "taskName": "Task-2"}
{"timestamp": "2025-09-21T11:55:46.222868Z", "level": "INFO", "logger": "app.data_loader", "message": "\ud83e\uddee Calculating derived fields...", "module": "data_loader", "function": "_calculate_derived_fields", "line": 164, "thread": 8443355328, "process": 32853, "taskName": "Task-2"}
{"timestamp": "2025-09-21T11:55:46.228093Z", "level": "INFO", "logger": "app.data_loader", "message": "\u2705 Derived fields calculated successfully", "module": "data_loader", "function": "_calculate_derived_fields", "line": 193, "thread": 8443355328, "process": 32853, "taskName": "Task-2"}
{"timestamp": "2025-09-21T11:55:46.228123Z", "level": "INFO", "logger": "app.ml_model", "message": "\u2705 Enhanced internship data loaded", "module": "ml_model", "function": "load_data", "line": 104, "thread": 8443355328, "process": 32853, "taskName": "Task-2"}
{"timestamp": "2025-09-21T11:55:46.228154Z", "level": "INFO", "logger": "app.application_stats", "message": "\ud83d\udd04 Loading application statistics from ./data/application_statistics.csv", "module": "application_stats", "function": "load_application_stats", "line": 63, "thread": 8443355328, "process": 32853, "taskName": "Task-2"}
{"timestamp": "2025-09-21T11:55:46.228597Z", "level": "INFO", "logger": "app.application_stats", "message": "\u2705 Loaded application statistics: 20 internships", "module": "application_stats", "function": "load_application_stats", "line": 68, "thread": 8443355328, "process": 32853, "taskName": "Task-2"}
{"timestamp": "2025-09-21T11:55:46.228631Z", "level": "INFO", "logger": "app.application_stats", "message": "\ud83d\udd27 Normalizing application statistics data...", "module": "application_stats", "function": "normalize_stats", "line": 94, "thread": 8443355328, "process": 32853, "taskName": "Task-2"}
{"timestamp": "2025-09-21T11:55:46.230950Z", "level": "INFO", "logger": "app.application_stats", "message": "\u2705 Application statistics normalized successfully", "module": "application_stats", "function": "normalize_stats", "line": 148, "thread": 8443355328, "process": 32853, "taskName": "Task-2"}
{"timestamp": "2025-09-21T11:55:46.230980Z", "level": "INFO", "logger": "app.ml_model", "message": "\u2705 Application statistics loaded", "module": "ml_model", "function": "load_data", "line": 111, "thread": 8443355328, "process": 32853, "taskName": "Task-2"}
{"timestamp": "2025-09-21T11:55:46.231011Z", "level": "INFO", "logger": "app.interview_meta", "message": "\ud83d\udd04 Loading interview metadata from ./data/interview_process.csv", "module": "interview_meta", "function": "load_interview_meta", "line": 70, "thread": 8443355328, "process": 32853, "taskName": "Task-2"}
{"timestamp": "2025-09-21T11:55:46.231543Z", "level": "INFO", "logger": "app.interview_meta", "message": "\u2705 Loaded interview metadata: 15 records", "module": "interview_meta", "function": "load_interview_meta", "line": 75, "thread": 8443355328, "process": 32853, "taskName": "Task-2"}
{"timestamp": "2025-09-21T11:55:46.231573Z", "level": "INFO", "logger": "app.interview_meta", "message": "\ud83d\udd27 Normalizing interview metadata...", "module": "interview_meta", "function": "normalize_interview_meta", "line": 101, "thread": 8443355328, "process": 32853, "taskName": "Task-2"}
{"timestamp": "2025-09-21T11:55:46.233140Z", "level": "INFO", "logger": "app.interview_meta", "message": "\u2705 Interview metadata normalized successfully", "module": "interview_meta", "function": "normalize_interview_meta", "line": 150, "thread": 8443355328, "process": 32853, "taskName": "Task-2"}
{"timestamp": "2025-09-21T11:55:46.233177Z", "level": "INFO", "logger": "app.ml_model", "message": "\u2705 Interview metadata loaded", "module": "ml_model", "function": "load_data", "line": 118, "thread": 8443355328, "process": 32853, "taskName": "Task-2"}
{"timestamp": "2025-09-21T11:55:46.233209Z", "level": "INFO", "logger": "app.alumni", "message": "\ud83d\udd04 Loading alumni stories from ./data/alumni_success.csv", "module": "alumni", "function": "load_alumni", "line": 65, "thread": 8443355328, "process": 32853, "taskName": "Task-2"}
{"timestamp": "2025-09-21T11:55:46.233804Z", "level": "INFO", "logger": "app.alumni", "message": "\u2705 Loaded alumni stories: 15 records", "module": "alumni", "function": "load_alumni", "line": 70, "thread": 8443355328, "process": 32853, "taskName": "Task-2"}
{"timestamp": "2025-09-21T11:55:46.233834Z", "level": "INFO", "logger": "app.alumni", "message": "\ud83d\udd27 Normalizing alumni data...", "module": "alumni", "function": "_normalize_alumni_data", "line": 96, "thread": 8443355328, "process": 32853, "taskName": "Task-2"}
{"timestamp": "2025-09-21T11:55:46.234847Z", "level": "INFO", "logger": "app.alumni", "message": "\u2705 Alumni data normalized successfully", "module": "alumni", "function": "_normalize_alumni_data", "line": 147, "thread": 8443355328, "process": 32853, "taskName": "Task-2"}
{"timestamp": "2025-09-21T11:55:46.234880Z", "level": "INFO", "logger": "app.ml_model", "message": "\u2705 Alumni stories loaded", "module": "ml_model", "function": "load_data", "line": 124, "thread": 8443355328, "process": 32853, "taskName": "Task-2"}
{"timestamp": "2025-09-21T11:55:46.234907Z", "level": "INFO", "logger": "app.ml_model", "message": "\ud83c\udfaf ML data loading completed!", "module": "ml_model", "function": "load_data", "line": 129, "thread": 8443355328, "process": 32853, "taskName": "Task-2"}
{"timestamp": "2025-09-21T11:55:46.234936Z", "level": "INFO", "logger": "app.main", "message": "\u2705 ML model initialized successfully!", "module": "main", "function": "lifespan", "line": 90, "thread": 8443355328, "process": 32853, "taskName": "Task-2"}
{"timestamp": "2025-09-21T11:56:51.927833Z", "level": "INFO", "logger": "app.utils", "message": "\ud83d\udcca Recommendation Request - Student: TEST_001, Skills: 3, Stream: Computer Science, CGPA: 8.5, Location: urban, Tier: Tier-1", "module": "utils", "function": "log_recommendation_request", "line": 215, "thread": 6117453824, "process": 32853, "taskName": null}
{"timestamp": "2025-09-21T11:57:00.005230Z", "level": "INFO", "logger": "app.utils", "message": "\ud83d\udcca Recommendation Request - Student: TEST_001, Skills: 3, Stream: Computer Science, CGPA: 8.5, Location: Urban, Tier: Tier-1", "module": "utils", "function": "log_recommendation_request", "line": 215, "thread": 6117453824, "process": 32853, "taskName": null}
{"timestamp": "2025-09-21T11:57:00.005630Z", "level": "ERROR", "logger": "app.main", "message": "\u274c Error generating recommendations: There is no current event loop in thread 'AnyIO worker thread'.", "module": "main", "function": "get_student_recommendations", "line": 470, "thread": 6117453824, "process": 32853, "taskName": null}
{"timestamp": "2025-09-21T11:57:17.194100Z", "level": "INFO", "logger": "app.main", "message": "\ud83d\uded1 Shutting down ML Recommendations API...", "module": "main", "function": "lifespan", "line": 100, "thread": 8443355328, "process": 32853, "taskName": "Task-2"}
{"timestamp": "2025-09-21T11:57:17.715971Z", "level": "INFO", "logger": "app.logging_config", "message": "Logging configured", "module": "logging_config", "function": "configure_logging", "line": 260, "thread": 8443355328, "process": 32991, "taskName": null, "log_level": "INFO", "enable_request_logging": true, "event": "logging_configured"}
{"timestamp": "2025-09-21T11:57:17.717325Z", "level": "INFO", "logger": "app.logging_config", "message": "Logging configured", "module": "logging_config", "function": "configure_logging", "line": 260, "thread": 8443355328, "process": 32991, "taskName": null, "log_level": "INFO", "enable_request_logging": true, "event": "logging_configured"}
{"timestamp": "2025-09-21T11:57:17.735057Z", "level": "INFO", "logger": "app.main", "message": "\ud83d\ude80 Starting ML Recommendations API...", "module": "main", "function": "lifespan", "line": 82, "thread": 8443355328, "process": 32991, "taskName": "Task-2"}
{"timestamp": "2025-09-21T11:57:17.735107Z", "level": "INFO", "logger": "app.data_loader", "message": "\ud83d\udd27 Enhanced Data Loader initialized", "module": "data_loader", "function": "__init__", "line": 44, "thread": 8443355328, "process": 32991, "taskName": "Task-2"}
{"timestamp": "2025-09-21T11:57:17.735142Z", "level": "INFO", "logger": "app.application_stats", "message": "\ud83d\udd27 Application Stats Loader initialized", "module": "application_stats", "function": "__init__", "line": 48, "thread": 8443355328, "process": 32991, "taskName": "Task-2"}
{"timestamp": "2025-09-21T11:57:17.735172Z", "level": "INFO", "logger": "app.interview_meta", "message": "\ud83d\udd27 Interview Metadata Loader initialized", "module": "interview_meta", "function": "__init__", "line": 55, "thread": 8443355328, "process": 32991, "taskName": "Task-2"}
{"timestamp": "2025-09-21T11:57:17.735200Z", "level": "INFO", "logger": "app.alumni", "message": "\ud83d\udd27 Alumni Manager initialized", "module": "alumni", "function": "__init__", "line": 50, "thread": 8443355328, "process": 32991, "taskName": "Task-2"}
{"timestamp": "2025-09-21T11:57:17.735230Z", "level": "INFO", "logger": "app.ml_model", "message": "\ud83d\udd04 Loading ML data...", "module": "ml_model", "function": "load_data", "line": 74, "thread": 8443355328, "process": 32991, "taskName": "Task-2"}
{"timestamp": "2025-09-21T11:57:17.739051Z", "level": "INFO", "logger": "app.ml_model", "message": "\u2705 Loaded student.csv: 500 records", "module": "ml_model", "function": "load_data", "line": 89, "thread": 8443355328, "process": 32991, "taskName": "Task-2"}
{"timestamp": "2025-09-21T11:57:17.739881Z", "level": "INFO", "logger": "app.ml_model", "message": "\u2705 Loaded internship.csv: 200 records", "module": "ml_model", "function": "load_data", "line": 89, "thread": 8443355328, "process": 32991, "taskName": "Task-2"}
{"timestamp": "2025-09-21T11:57:17.741759Z", "level": "INFO", "logger": "app.ml_model", "message": "\u2705 Loaded interactions.csv: 2000 records", "module": "ml_model", "function": "load_data", "line": 89, "thread": 8443355328, "process": 32991, "taskName": "Task-2"}
{"timestamp": "2025-09-21T11:57:17.742843Z", "level": "INFO", "logger": "app.ml_model", "message": "\u2705 Loaded outcomes.csv: 800 records", "module": "ml_model", "function": "load_data", "line": 89, "thread": 8443355328, "process": 32991, "taskName": "Task-2"}
{"timestamp": "2025-09-21T11:57:17.743368Z", "level": "INFO", "logger": "app.ml_model", "message": "\u2705 Loaded internship_skills_courses.csv: 24 records", "module": "ml_model", "function": "load_data", "line": 89, "thread": 8443355328, "process": 32991, "taskName": "Task-2"}
{"timestamp": "2025-09-21T11:57:17.745020Z", "level": "INFO", "logger": "app.ml_model", "message": "\u2705 Course readiness data loaded", "module": "ml_model", "function": "load_data", "line": 97, "thread": 8443355328, "process": 32991, "taskName": "Task-2"}
{"timestamp": "2025-09-21T11:57:17.745055Z", "level": "INFO", "logger": "app.data_loader", "message": "\ud83d\udd04 Loading enhanced internship data...", "module": "data_loader", "function": "load_enhanced_internships", "line": 53, "thread": 8443355328, "process": 32991, "taskName": "Task-2"}
{"timestamp": "2025-09-21T11:57:17.747078Z", "level": "INFO", "logger": "app.data_loader", "message": "\u2705 Loaded enhanced internship data: 1000 internships", "module": "data_loader", "function": "load_enhanced_internships", "line": 61, "thread": 8443355328, "process": 32991, "taskName": "Task-2"}
{"timestamp": "2025-09-21T11:57:17.747111Z", "level": "INFO", "logger": "app.data_loader", "message": "\ud83d\udd04 Loading company metadata...", "module": "data_loader", "function": "load_company_metadata", "line": 89, "thread": 8443355328, "process": 32991, "taskName": "Task-2"}
{"timestamp": "2025-09-21T11:57:17.747796Z", "level": "INFO", "logger": "app.data_loader", "message": "\u2705 Loaded company metadata: 200 companies", "module": "data_loader", "function": "load_company_metadata", "line": 95, "thread": 8443355328, "process": 32991, "taskName": "Task-2"}
{"timestamp": "2025-09-21T11:57:17.747839Z", "level": "INFO", "logger": "app.data_loader", "message": "\ud83d\udd17 Merging company metadata...", "module": "data_loader", "function": "_merge_company_metadata", "line": 138, "thread": 8443355328, "process": 32991, "taskName": "Task-2"}
{"timestamp": "2025-09-21T11:57:17.752757Z", "level": "INFO", "logger": "app.data_loader", "message": "\u2705 Company metadata merged successfully", "module": "data_loader", "function": "_merge_company_metadata", "line": 160, "thread": 8443355328, "process": 32991, "taskName": "Task-2"}
{"timestamp": "2025-09-21T11:57:17.752791Z", "level": "INFO", "logger": "app.data_loader", "message": "\ud83e\uddee Calculating derived fields...", "module": "data_loader", "function": "_calculate_derived_fields", "line": 164, "thread": 8443355328, "process": 32991, "taskName": "Task-2"}
{"timestamp": "2025-09-21T11:57:17.757745Z", "level": "INFO", "logger": "app.data_loader", "message": "\u2705 Derived fields calculated successfully", "module": "data_loader", "function": "_calculate_derived_fields", "line": 193, "thread": 8443355328, "process": 32991, "taskName": "Task-2"}
{"timestamp": "2025-09-21T11:57:17.757780Z", "level": "INFO", "logger": "app.ml_model", "message": "\u2705 Enhanced internship data loaded", "module": "ml_model", "function": "load_data", "line": 104, "thread": 8443355328, "process": 32991, "taskName": "Task-2"}
{"timestamp": "2025-09-21T11:57:17.757811Z", "level": "INFO", "logger": "app.application_stats", "message": "\ud83d\udd04 Loading application statistics from ./data/application_statistics.csv", "module": "application_stats", "function": "load_application_stats", "line": 63, "thread": 8443355328, "process": 32991, "taskName": "Task-2"}
{"timestamp": "2025-09-21T11:57:17.758218Z", "level": "INFO", "logger": "app.application_stats", "message": "\u2705 Loaded application statistics: 20 internships", "module": "application_stats", "function": "load_application_stats", "line": 68, "thread": 8443355328, "process": 32991, "taskName": "Task-2"}
{"timestamp": "2025-09-21T11:57:17.758254Z", "level": "INFO", "logger": "app.application_stats", "message": "\ud83d\udd27 Normalizing application statistics data...", "module": "application_stats", "function": "normalize_stats", "line": 94, "thread": 8443355328, "process": 32991, "taskName": "Task-2"}
{"timestamp": "2025-09-21T11:57:17.759968Z", "level": "INFO", "logger": "app.application_stats", "message": "\u2705 Application statistics normalized successfully", "module": "application_stats", "function": "normalize_stats", "line": 148, "thread": 8443355328, "process": 32991, "taskName": "Task-2"}
{"timestamp": "2025-09-21T11:57:17.759998Z", "level": "INFO", "logger": "app.ml_model", "message": "\u2705 Application statistics loaded", "module": "ml_model", "function": "load_data", "line": 111, "thread": 8443355328, "process": 32991, "taskName": "Task-2"}
{"timestamp": "2025-09-21T11:57:17.760027Z", "level": "INFO", "logger": "app.interview_meta", "message": "\ud83d\udd04 Loading interview metadata from ./data/interview_process.csv", "module": "interview_meta", "function": "load_interview_meta", "line": 70, "thread": 8443355328, "process": 32991, "taskName": "Task-2"}
{"timestamp": "2025-09-21T11:57:17.760412Z", "level": "INFO", "logger": "app.interview_meta", "message": "\u2705 Loaded interview metadata: 15 records", "module": "interview_meta", "function": "load_interview_meta", "line": 75, "thread": 8443355328, "process": 32991, "taskName": "Task-2"}
{"timestamp": "2025-09-21T11:57:17.760445Z", "level": "INFO", "logger": "app.interview_meta", "message": "\ud83d\udd27 Normalizing interview metadata...", "module": "interview_meta", "function": "normalize_interview_meta", "line": 101, "thread": 8443355328, "process": 32991, "taskName": "Task-2"}
{"timestamp": "2025-09-21T11:57:17.761296Z", "level": "INFO", "logger": "app.interview_meta", "message": "\u2705 Interview metadata normalized successfully", "module": "interview_meta", "function": "normalize_interview_meta", "line": 150, "thread": 8443355328, "process": 32991, "taskName": "Task-2"}
{"timestamp": "2025-09-21T11:57:17.761329Z", "level": "INFO", "logger": "app.ml_model", "message": "\u2705 Interview metadata loaded", "module": "ml_model", "function": "load_data", "line": 118, "thread": 8443355328, "process": 32991, "taskName": "Task-2"}
{"timestamp": "2025-09-21T11:57:17.761357Z", "level": "INFO", "logger": "app.alumni", "message": "\ud83d\udd04 Loading alumni stories from ./data/alumni_success.csv", "module": "alumni", "function": "load_alumni", "line": 65, "thread": 8443355328, "process": 32991, "taskName": "Task-2"}
{"timestamp": "2025-09-21T11:57:17.761736Z", "level": "INFO", "logger": "app.alumni", "message": "\u2705 Loaded alumni stories: 15 records", "module": "alumni", "function": "load_alumni", "line": 70, "thread": 8443355328, "process": 32991, "taskName": "Task-2"}
{"timestamp": "2025-09-21T11:57:17.761766Z", "level": "INFO", "logger": "app.alumni", "message": "\ud83d\udd27 Normalizing alumni data...", "module": "alumni", "function": "_normalize_alumni_data", "line": 96, "thread": 8443355328, "process": 32991, "taskName": "Task-2"}
{"timestamp": "2025-09-21T11:57:17.762647Z", "level": "INFO", "logger": "app.alumni", "message": "\u2705 Alumni data normalized successfully", "module": "alumni", "function": "_normalize_alumni_data", "line": 147, "thread": 8443355328, "process": 32991, "taskName": "Task-2"}
{"timestamp": "2025-09-21T11:57:17.762679Z", "level": "INFO", "logger": "app.ml_model", "message": "\u2705 Alumni stories loaded", "module": "ml_model", "function": "load_data", "line": 124, "thread": 8443355328, "process": 32991, "taskName": "Task-2"}
{"timestamp": "2025-09-21T11:57:17.762705Z", "level": "INFO", "logger": "app.ml_model", "message": "\ud83c\udfaf ML data loading completed!", "module": "ml_model", "function": "load_data", "line": 129, "thread": 8443355328, "process": 32991, "taskName": "Task-2"}
{"timestamp": "2025-09-21T11:57:17.762737Z", "level": "INFO", "logger": "app.main", "message": "\u2705 ML model initialized successfully!", "module": "main", "function": "lifespan", "line": 90, "thread": 8443355328, "process": 32991, "taskName": "Task-2"}
{"timestamp": "2025-09-21T11:57:57.121985Z", "level": "INFO", "logger": "app.logging_config", "message": "Logging configured", "module": "logging_config", "function": "configure_logging", "line": 260, "thread": 8443355328, "process": 33083, "taskName": null, "log_level": "INFO", "enable_request_logging": true, "event": "logging_configured"}
{"timestamp": "2025-09-21T11:57:57.123517Z", "level": "INFO", "logger": "app.logging_config", "message": "Logging configured", "module": "logging_config", "function": "configure_logging", "line": 260, "thread": 8443355328, "process": 33083, "taskName": null, "log_level": "INFO", "enable_request_logging": true, "event": "logging_configured"}
{"timestamp": "2025-09-21T11:58:05.320862Z", "level": "INFO", "logger": "app.utils", "message": "\ud83d\udcca Recommendation Request - Student: TEST_001, Skills: 3, Stream: Computer Science, CGPA: 8.5, Location: Urban, Tier: Tier-1", "module": "utils", "function": "log_recommendation_request", "line": 215, "thread": 6107770880, "process": 32991, "taskName": null}
{"timestamp": "2025-09-21T11:58:05.321477Z", "level": "INFO", "logger": "app.ml_model", "message": "\ud83e\udd16 Generating recommendations for TEST_001", "module": "ml_model", "function": "get_recommendations", "line": 168, "thread": 6124597248, "process": 32991, "taskName": null}
{"timestamp": "2025-09-21T11:58:05.321675Z", "level": "INFO", "logger": "app.ml_model", "message": "\ud83d\udd0d Generating enhanced recommendations from real data...", "module": "ml_model", "function": "_generate_enhanced_recommendations", "line": 240, "thread": 6124597248, "process": 32991, "taskName": null}
{"timestamp": "2025-09-21T11:58:05.323986Z", "level": "INFO", "logger": "app.data_loader", "message": "\ud83d\udcca Active internships: 960 out of 1000", "module": "data_loader", "function": "get_active_internships", "line": 269, "thread": 6124597248, "process": 32991, "taskName": null}
{"timestamp": "2025-09-21T11:58:05.328144Z", "level": "INFO", "logger": "app.application_stats", "message": "\ud83d\udcca Filtered to 958 active internships out of 960", "module": "application_stats", "function": "get_active_internships_only", "line": 239, "thread": 6124597248, "process": 32991, "taskName": null}
{"timestamp": "2025-09-21T11:58:05.328506Z", "level": "INFO", "logger": "app.ml_model", "message": "\ud83d\udcca Filtered by application stats: 958 internships remaining", "module": "ml_model", "function": "_generate_enhanced_recommendations", "line": 256, "thread": 6124597248, "process": 32991, "taskName": null}
{"timestamp": "2025-09-21T11:58:05.329453Z", "level": "WARNING", "logger": "app.application_stats", "message": "\u26a0\ufe0f  No application statistics found for INT_0953", "module": "application_stats", "function": "get_stats_for_internship", "line": 210, "thread": 6124597248, "process": 32991, "taskName": null}
{"timestamp": "2025-09-21T11:58:05.332891Z", "level": "INFO", "logger": "app.alumni", "message": "\ud83d\udd0d Finding similar alumni for: computer science student with 3 skills", "module": "alumni", "function": "similar_alumni", "line": 175, "thread": 6124597248, "process": 32991, "taskName": null}
{"timestamp": "2025-09-21T11:58:05.333275Z", "level": "INFO", "logger": "app.alumni", "message": "\u2705 Found 2 similar alumni stories", "module": "alumni", "function": "similar_alumni", "line": 204, "thread": 6124597248, "process": 32991, "taskName": null}
{"timestamp": "2025-09-21T11:58:05.333502Z", "level": "WARNING", "logger": "app.application_stats", "message": "\u26a0\ufe0f  No application statistics found for INT_0655", "module": "application_stats", "function": "get_stats_for_internship", "line": 210, "thread": 6124597248, "process": 32991, "taskName": null}
{"timestamp": "2025-09-21T11:58:05.335744Z", "level": "INFO", "logger": "app.alumni", "message": "\ud83d\udd0d Finding similar alumni for: computer science student with 3 skills", "module": "alumni", "function": "similar_alumni", "line": 175, "thread": 6124597248, "process": 32991, "taskName": null}
{"timestamp": "2025-09-21T11:58:05.336046Z", "level": "INFO", "logger": "app.alumni", "message": "\u2705 Found 2 similar alumni stories", "module": "alumni", "function": "similar_alumni", "line": 204, "thread": 6124597248, "process": 32991, "taskName": null}
{"timestamp": "2025-09-21T11:58:05.336230Z", "level": "WARNING", "logger": "app.application_stats", "message": "\u26a0\ufe0f  No application statistics found for INT_0445", "module": "application_stats", "function": "get_stats_for_internship", "line": 210, "thread": 6124597248, "process": 32991, "taskName": null}
{"timestamp": "2025-09-21T11:58:05.338110Z", "level": "INFO", "logger": "app.alumni", "message": "\ud83d\udd0d Finding similar alumni for: computer science student with 3 skills", "module": "alumni", "function": "similar_alumni", "line": 175, "thread": 6124597248, "process": 32991, "taskName": null}
{"timestamp": "2025-09-21T11:58:05.338403Z", "level": "INFO", "logger": "app.alumni", "message": "\u2705 Found 2 similar alumni stories", "module": "alumni", "function": "similar_alumni", "line": 204, "thread": 6124597248, "process": 32991, "taskName": null}
{"timestamp": "2025-09-21T11:58:05.338572Z", "level": "WARNING", "logger": "app.application_stats", "message": "\u26a0\ufe0f  No application statistics found for INT_0994", "module": "application_stats", "function": "get_stats_for_internship", "line": 210, "thread": 6124597248, "process": 32991, "taskName": null}
{"timestamp": "2025-09-21T11:58:05.340321Z", "level": "INFO", "logger": "app.alumni", "message": "\ud83d\udd0d Finding similar alumni for: computer science student with 3 skills", "module": "alumni", "function": "similar_alumni", "line": 175, "thread": 6124597248, "process": 32991, "taskName": null}
{"timestamp": "2025-09-21T11:58:05.340604Z", "level": "INFO", "logger": "app.alumni", "message": "\u2705 Found 2 similar alumni stories", "module": "alumni", "function": "similar_alumni", "line": 204, "thread": 6124597248, "process": 32991, "taskName": null}
{"timestamp": "2025-09-21T11:58:05.340769Z", "level": "WARNING", "logger": "app.application_stats", "message": "\u26a0\ufe0f  No application statistics found for INT_0605", "module": "application_stats", "function": "get_stats_for_internship", "line": 210, "thread": 6124597248, "process": 32991, "taskName": null}
{"timestamp": "2025-09-21T11:58:05.342500Z", "level": "INFO", "logger": "app.alumni", "message": "\ud83d\udd0d Finding similar alumni for: computer science student with 3 skills", "module": "alumni", "function": "similar_alumni", "line": 175, "thread": 6124597248, "process": 32991, "taskName": null}
{"timestamp": "2025-09-21T11:58:05.342775Z", "level": "INFO", "logger": "app.alumni", "message": "\u2705 Found 2 similar alumni stories", "module": "alumni", "function": "similar_alumni", "line": 204, "thread": 6124597248, "process": 32991, "taskName": null}
{"timestamp": "2025-09-21T11:58:05.342931Z", "level": "WARNING", "logger": "app.application_stats", "message": "\u26a0\ufe0f  No application statistics found for INT_0918", "module": "application_stats", "function": "get_stats_for_internship", "line": 210, "thread": 6124597248, "process": 32991, "taskName": null}
{"timestamp": "2025-09-21T11:58:05.344622Z", "level": "INFO", "logger": "app.alumni", "message": "\ud83d\udd0d Finding similar alumni for: computer science student with 3 skills", "module": "alumni", "function": "similar_alumni", "line": 175, "thread": 6124597248, "process": 32991, "taskName": null}
{"timestamp": "2025-09-21T11:58:05.344894Z", "level": "INFO", "logger": "app.alumni", "message": "\u2705 Found 2 similar alumni stories", "module": "alumni", "function": "similar_alumni", "line": 204, "thread": 6124597248, "process": 32991, "taskName": null}
{"timestamp": "2025-09-21T11:58:05.345058Z", "level": "WARNING", "logger": "app.application_stats", "message": "\u26a0\ufe0f  No application statistics found for INT_0465", "module": "application_stats", "function": "get_stats_for_internship", "line": 210, "thread": 6124597248, "process": 32991, "taskName": null}
{"timestamp": "2025-09-21T11:58:05.346700Z", "level": "INFO", "logger": "app.alumni", "message": "\ud83d\udd0d Finding similar alumni for: computer science student with 3 skills", "module": "alumni", "function": "similar_alumni", "line": 175, "thread": 6124597248, "process": 32991, "taskName": null}
{"timestamp": "2025-09-21T11:58:05.346971Z", "level": "INFO", "logger": "app.alumni", "message": "\u2705 Found 2 similar alumni stories", "module": "alumni", "function": "similar_alumni", "line": 204, "thread": 6124597248, "process": 32991, "taskName": null}
{"timestamp": "2025-09-21T11:58:05.348990Z", "level": "INFO", "logger": "app.alumni", "message": "\ud83d\udd0d Finding similar alumni for: computer science student with 3 skills", "module": "alumni", "function": "similar_alumni", "line": 175, "thread": 6124597248, "process": 32991, "taskName": null}
{"timestamp": "2025-09-21T11:58:05.349312Z", "level": "INFO", "logger": "app.alumni", "message": "\u2705 Found 2 similar alumni stories", "module": "alumni", "function": "similar_alumni", "line": 204, "thread": 6124597248, "process": 32991, "taskName": null}
{"timestamp": "2025-09-21T11:58:05.349503Z", "level": "WARNING", "logger": "app.application_stats", "message": "\u26a0\ufe0f  No application statistics found for INT_0364", "module": "application_stats", "function": "get_stats_for_internship", "line": 210, "thread": 6124597248, "process": 32991, "taskName": null}
{"timestamp": "2025-09-21T11:58:05.351515Z", "level": "INFO", "logger": "app.alumni", "message": "\ud83d\udd0d Finding similar alumni for: computer science student with 3 skills", "module": "alumni", "function": "similar_alumni", "line": 175, "thread": 6124597248, "process": 32991, "taskName": null}
{"timestamp": "2025-09-21T11:58:05.351789Z", "level": "INFO", "logger": "app.alumni", "message": "\u2705 Found 2 similar alumni stories", "module": "alumni", "function": "similar_alumni", "line": 204, "thread": 6124597248, "process": 32991, "taskName": null}
{"timestamp": "2025-09-21T11:58:05.351954Z", "level": "WARNING", "logger": "app.application_stats", "message": "\u26a0\ufe0f  No application statistics found for INT_0077", "module": "application_stats", "function": "get_stats_for_internship", "line": 210, "thread": 6124597248, "process": 32991, "taskName": null}
{"timestamp": "2025-09-21T11:58:05.353672Z", "level": "INFO", "logger": "app.alumni", "message": "\ud83d\udd0d Finding similar alumni for: computer science student with 3 skills", "module": "alumni", "function": "similar_alumni", "line": 175, "thread": 6124597248, "process": 32991, "taskName": null}
{"timestamp": "2025-09-21T11:58:05.353942Z", "level": "INFO", "logger": "app.alumni", "message": "\u2705 Found 2 similar alumni stories", "module": "alumni", "function": "similar_alumni", "line": 204, "thread": 6124597248, "process": 32991, "taskName": null}
{"timestamp": "2025-09-21T11:58:05.354021Z", "level": "INFO", "logger": "app.live_counts", "message": "\ud83d\udd27 Live Counts Manager initialized (TTL: 300s, Rate Limit: 60/min)", "module": "live_counts", "function": "__init__", "line": 66, "thread": 6124597248, "process": 32991, "taskName": null}
{"timestamp": "2025-09-21T11:58:05.354073Z", "level": "INFO", "logger": "app.live_counts", "message": "\ud83d\udd04 Fetching live counts for 5 internships", "module": "live_counts", "function": "get_cached_counts", "line": 101, "thread": 6124597248, "process": 32991, "taskName": null}
{"timestamp": "2025-09-21T11:58:05.354118Z", "level": "WARNING", "logger": "app.live_counts", "message": "\u26a0\ufe0f  _fetch_from_api failed: No API endpoint configured", "module": "live_counts", "function": "fetch_live_counts", "line": 150, "thread": 6124597248, "process": 32991, "taskName": null}
{"timestamp": "2025-09-21T11:58:05.354159Z", "level": "INFO", "logger": "app.live_counts", "message": "\ud83c\udfad Using mock data for live counts", "module": "live_counts", "function": "_fetch_from_mock", "line": 194, "thread": 6124597248, "process": 32991, "taskName": null}
{"timestamp": "2025-09-21T11:58:05.354302Z", "level": "INFO", "logger": "app.live_counts", "message": "\u2705 Fetched live counts using _fetch_from_mock", "module": "live_counts", "function": "fetch_live_counts", "line": 147, "thread": 6124597248, "process": 32991, "taskName": null}
{"timestamp": "2025-09-21T11:58:05.354332Z", "level": "INFO", "logger": "app.live_counts", "message": "\ud83d\udcca Returned live counts for 5/5 internships", "module": "live_counts", "function": "get_cached_counts", "line": 115, "thread": 6124597248, "process": 32991, "taskName": null}
{"timestamp": "2025-09-21T11:58:05.354417Z", "level": "INFO", "logger": "app.ml_model", "message": "\u2705 Generated 5 recommendations", "module": "ml_model", "function": "get_recommendations", "line": 187, "thread": 6124597248, "process": 32991, "taskName": null}
{"timestamp": "2025-09-21T11:58:05.354768Z", "level": "INFO", "logger": "app.main", "message": "\u2705 Generated 5 recommendations for TEST_001", "module": "main", "function": "get_student_recommendations", "line": 481, "thread": 6107770880, "process": 32991, "taskName": null}
{"timestamp": "2025-09-21T11:58:12.033946Z", "level": "INFO", "logger": "app.utils", "message": "\ud83d\udcca Recommendation Request - Student: TEST_TIMEOUT_001, Skills: 3, Stream: Computer Science, CGPA: 8.5, Location: urban, Tier: Tier-1", "module": "utils", "function": "log_recommendation_request", "line": 215, "thread": 6107770880, "process": 32991, "taskName": null}
{"timestamp": "2025-09-21T11:58:17.795307Z", "level": "INFO", "logger": "app.utils", "message": "\ud83d\udcca Recommendation Request - Student: TEST_TIMEOUT_001, Skills: 3, Stream: Computer Science, CGPA: 8.5, Location: Urban, Tier: Tier-1", "module": "utils", "function": "log_recommendation_request", "line": 215, "thread": 6107770880, "process": 32991, "taskName": null}
{"timestamp": "2025-09-21T11:58:17.795551Z", "level": "INFO", "logger": "app.ml_model", "message": "\ud83e\udd16 Generating recommendations for TEST_TIMEOUT_001", "module": "ml_model", "function": "get_recommendations", "line": 168, "thread": 6124597248, "process": 32991, "taskName": null}
{"timestamp": "2025-09-21T11:58:17.795640Z", "level": "INFO", "logger": "app.ml_model", "message": "\ud83d\udd0d Generating enhanced recommendations from real data...", "module": "ml_model", "function": "_generate_enhanced_recommendations", "line": 240, "thread": 6124597248, "process": 32991, "taskName": null}
{"timestamp": "2025-09-21T11:58:17.796718Z", "level": "INFO", "logger": "app.data_loader", "message": "\ud83d\udcca Active internships: 960 out of 1000", "module": "data_loader", "function": "get_active_internships", "line": 269, "thread": 6124597248, "process": 32991, "taskName": null}
{"timestamp": "2025-09-21T11:58:17.800244Z", "level": "INFO", "logger": "app.application_stats", "message": "\ud83d\udcca Filtered to 958 active internships out of 960", "module": "application_stats", "function": "get_active_internships_only", "line": 239, "thread": 6124597248, "process": 32991, "taskName": null}
{"timestamp": "2025-09-21T11:58:17.800633Z", "level": "INFO", "logger": "app.ml_model", "message": "\ud83d\udcca Filtered by application stats: 958 internships remaining", "module": "ml_model", "function": "_generate_enhanced_recommendations", "line": 256, "thread": 6124597248, "process": 32991, "taskName": null}
{"timestamp": "2025-09-21T11:58:17.800984Z", "level": "WARNING", "logger": "app.application_stats", "message": "\u26a0\ufe0f  No application statistics found for INT_0480", "module": "application_stats", "function": "get_stats_for_internship", "line": 210, "thread": 6124597248, "process": 32991, "taskName": null}
{"timestamp": "2025-09-21T11:58:17.803609Z", "level": "INFO", "logger": "app.alumni", "message": "\ud83d\udd0d Finding similar alumni for: computer science student with 3 skills", "module": "alumni", "function": "similar_alumni", "line": 175, "thread": 6124597248, "process": 32991, "taskName": null}
{"timestamp": "2025-09-21T11:58:17.803944Z", "level": "INFO", "logger": "app.alumni", "message": "\u2705 Found 2 similar alumni stories", "module": "alumni", "function": "similar_alumni", "line": 204, "thread": 6124597248, "process": 32991, "taskName": null}
{"timestamp": "2025-09-21T11:58:17.804136Z", "level": "WARNING", "logger": "app.application_stats", "message": "\u26a0\ufe0f  No application statistics found for INT_0033", "module": "application_stats", "function": "get_stats_for_internship", "line": 210, "thread": 6124597248, "process": 32991, "taskName": null}
{"timestamp": "2025-09-21T11:58:17.806091Z", "level": "INFO", "logger": "app.alumni", "message": "\ud83d\udd0d Finding similar alumni for: computer science student with 3 skills", "module": "alumni", "function": "similar_alumni", "line": 175, "thread": 6124597248, "process": 32991, "taskName": null}
{"timestamp": "2025-09-21T11:58:17.806397Z", "level": "INFO", "logger": "app.alumni", "message": "\u2705 Found 2 similar alumni stories", "module": "alumni", "function": "similar_alumni", "line": 204, "thread": 6124597248, "process": 32991, "taskName": null}
{"timestamp": "2025-09-21T11:58:17.806573Z", "level": "WARNING", "logger": "app.application_stats", "message": "\u26a0\ufe0f  No application statistics found for INT_0557", "module": "application_stats", "function": "get_stats_for_internship", "line": 210, "thread": 6124597248, "process": 32991, "taskName": null}
{"timestamp": "2025-09-21T11:58:17.808395Z", "level": "INFO", "logger": "app.alumni", "message": "\ud83d\udd0d Finding similar alumni for: computer science student with 3 skills", "module": "alumni", "function": "similar_alumni", "line": 175, "thread": 6124597248, "process": 32991, "taskName": null}
{"timestamp": "2025-09-21T11:58:17.808689Z", "level": "INFO", "logger": "app.alumni", "message": "\u2705 Found 2 similar alumni stories", "module": "alumni", "function": "similar_alumni", "line": 204, "thread": 6124597248, "process": 32991, "taskName": null}
{"timestamp": "2025-09-21T11:58:17.808857Z", "level": "WARNING", "logger": "app.application_stats", "message": "\u26a0\ufe0f  No application statistics found for INT_0546", "module": "application_stats", "function": "get_stats_for_internship", "line": 210, "thread": 6124597248, "process": 32991, "taskName": null}
{"timestamp": "2025-09-21T11:58:17.810694Z", "level": "INFO", "logger": "app.alumni", "message": "\ud83d\udd0d Finding similar alumni for: computer science student with 3 skills", "module": "alumni", "function": "similar_alumni", "line": 175, "thread": 6124597248, "process": 32991, "taskName": null}
{"timestamp": "2025-09-21T11:58:17.811000Z", "level": "INFO", "logger": "app.alumni", "message": "\u2705 Found 2 similar alumni stories", "module": "alumni", "function": "similar_alumni", "line": 204, "thread": 6124597248, "process": 32991, "taskName": null}
{"timestamp": "2025-09-21T11:58:17.811167Z", "level": "WARNING", "logger": "app.application_stats", "message": "\u26a0\ufe0f  No application statistics found for INT_0722", "module": "application_stats", "function": "get_stats_for_internship", "line": 210, "thread": 6124597248, "process": 32991, "taskName": null}
{"timestamp": "2025-09-21T11:58:17.812919Z", "level": "INFO", "logger": "app.alumni", "message": "\ud83d\udd0d Finding similar alumni for: computer science student with 3 skills", "module": "alumni", "function": "similar_alumni", "line": 175, "thread": 6124597248, "process": 32991, "taskName": null}
{"timestamp": "2025-09-21T11:58:17.813203Z", "level": "INFO", "logger": "app.alumni", "message": "\u2705 Found 2 similar alumni stories", "module": "alumni", "function": "similar_alumni", "line": 204, "thread": 6124597248, "process": 32991, "taskName": null}
{"timestamp": "2025-09-21T11:58:17.813364Z", "level": "WARNING", "logger": "app.application_stats", "message": "\u26a0\ufe0f  No application statistics found for INT_0768", "module": "application_stats", "function": "get_stats_for_internship", "line": 210, "thread": 6124597248, "process": 32991, "taskName": null}
{"timestamp": "2025-09-21T11:58:17.815099Z", "level": "INFO", "logger": "app.alumni", "message": "\ud83d\udd0d Finding similar alumni for: computer science student with 3 skills", "module": "alumni", "function": "similar_alumni", "line": 175, "thread": 6124597248, "process": 32991, "taskName": null}
{"timestamp": "2025-09-21T11:58:17.815382Z", "level": "INFO", "logger": "app.alumni", "message": "\u2705 Found 2 similar alumni stories", "module": "alumni", "function": "similar_alumni", "line": 204, "thread": 6124597248, "process": 32991, "taskName": null}
{"timestamp": "2025-09-21T11:58:17.815542Z", "level": "WARNING", "logger": "app.application_stats", "message": "\u26a0\ufe0f  No application statistics found for INT_0955", "module": "application_stats", "function": "get_stats_for_internship", "line": 210, "thread": 6124597248, "process": 32991, "taskName": null}
{"timestamp": "2025-09-21T11:58:17.817235Z", "level": "INFO", "logger": "app.alumni", "message": "\ud83d\udd0d Finding similar alumni for: computer science student with 3 skills", "module": "alumni", "function": "similar_alumni", "line": 175, "thread": 6124597248, "process": 32991, "taskName": null}
{"timestamp": "2025-09-21T11:58:17.817507Z", "level": "INFO", "logger": "app.alumni", "message": "\u2705 Found 2 similar alumni stories", "module": "alumni", "function": "similar_alumni", "line": 204, "thread": 6124597248, "process": 32991, "taskName": null}
{"timestamp": "2025-09-21T11:58:17.817662Z", "level": "WARNING", "logger": "app.application_stats", "message": "\u26a0\ufe0f  No application statistics found for INT_0568", "module": "application_stats", "function": "get_stats_for_internship", "line": 210, "thread": 6124597248, "process": 32991, "taskName": null}
{"timestamp": "2025-09-21T11:58:17.819347Z", "level": "INFO", "logger": "app.alumni", "message": "\ud83d\udd0d Finding similar alumni for: computer science student with 3 skills", "module": "alumni", "function": "similar_alumni", "line": 175, "thread": 6124597248, "process": 32991, "taskName": null}
{"timestamp": "2025-09-21T11:58:17.819621Z", "level": "INFO", "logger": "app.alumni", "message": "\u2705 Found 2 similar alumni stories", "module": "alumni", "function": "similar_alumni", "line": 204, "thread": 6124597248, "process": 32991, "taskName": null}
{"timestamp": "2025-09-21T11:58:17.819777Z", "level": "WARNING", "logger": "app.application_stats", "message": "\u26a0\ufe0f  No application statistics found for INT_0922", "module": "application_stats", "function": "get_stats_for_internship", "line": 210, "thread": 6124597248, "process": 32991, "taskName": null}
{"timestamp": "2025-09-21T11:58:17.821425Z", "level": "INFO", "logger": "app.alumni", "message": "\ud83d\udd0d Finding similar alumni for: computer science student with 3 skills", "module": "alumni", "function": "similar_alumni", "line": 175, "thread": 6124597248, "process": 32991, "taskName": null}
{"timestamp": "2025-09-21T11:58:17.821702Z", "level": "INFO", "logger": "app.alumni", "message": "\u2705 Found 2 similar alumni stories", "module": "alumni", "function": "similar_alumni", "line": 204, "thread": 6124597248, "process": 32991, "taskName": null}
{"timestamp": "2025-09-21T11:58:17.821858Z", "level": "WARNING", "logger": "app.application_stats", "message": "\u26a0\ufe0f  No application statistics found for INT_0891", "module": "application_stats", "function": "get_stats_for_internship", "line": 210, "thread": 6124597248, "process": 32991, "taskName": null}
{"timestamp": "2025-09-21T11:58:17.823525Z", "level": "INFO", "logger": "app.alumni", "message": "\ud83d\udd0d Finding similar alumni for: computer science student with 3 skills", "module": "alumni", "function": "similar_alumni", "line": 175, "thread": 6124597248, "process": 32991, "taskName": null}
{"timestamp": "2025-09-21T11:58:17.823805Z", "level": "INFO", "logger": "app.alumni", "message": "\u2705 Found 2 similar alumni stories", "module": "alumni", "function": "similar_alumni", "line": 204, "thread": 6124597248, "process": 32991, "taskName": null}
{"timestamp": "2025-09-21T11:58:17.823885Z", "level": "INFO", "logger": "app.live_counts", "message": "\ud83d\udd04 Fetching live counts for 5 internships", "module": "live_counts", "function": "get_cached_counts", "line": 101, "thread": 6124597248, "process": 32991, "taskName": null}
{"timestamp": "2025-09-21T11:58:17.823926Z", "level": "WARNING", "logger": "app.live_counts", "message": "\u26a0\ufe0f  _fetch_from_api failed: No API endpoint configured", "module": "live_counts", "function": "fetch_live_counts", "line": 150, "thread": 6124597248, "process": 32991, "taskName": null}
{"timestamp": "2025-09-21T11:58:17.823955Z", "level": "INFO", "logger": "app.live_counts", "message": "\ud83c\udfad Using mock data for live counts", "module": "live_counts", "function": "_fetch_from_mock", "line": 194, "thread": 6124597248, "process": 32991, "taskName": null}
{"timestamp": "2025-09-21T11:58:17.824042Z", "level": "INFO", "logger": "app.live_counts", "message": "\u2705 Fetched live counts using _fetch_from_mock", "module": "live_counts", "function": "fetch_live_counts", "line": 147, "thread": 6124597248, "process": 32991, "taskName": null}
{"timestamp": "2025-09-21T11:58:17.824073Z", "level": "INFO", "logger": "app.live_counts", "message": "\ud83d\udcca Returned live counts for 5/5 internships", "module": "live_counts", "function": "get_cached_counts", "line": 115, "thread": 6124597248, "process": 32991, "taskName": null}
{"timestamp": "2025-09-21T11:58:17.824147Z", "level": "INFO", "logger": "app.ml_model", "message": "\u2705 Generated 5 recommendations", "module": "ml_model", "function": "get_recommendations", "line": 187, "thread": 6124597248, "process": 32991, "taskName": null}
{"timestamp": "2025-09-21T11:58:17.824410Z", "level": "INFO", "logger": "app.main", "message": "\u2705 Generated 5 recommendations for TEST_TIMEOUT_001", "module": "main", "function": "get_student_recommendations", "line": 481, "thread": 6107770880, "process": 32991, "taskName": null}
{"timestamp": "2025-09-21T11:58:49.237341Z", "level": "INFO", "logger": "app.main", "message": "\ud83d\uded1 Shutting down ML Recommendations API...", "module": "main", "function": "lifespan", "line": 100, "thread": 8443355328, "process": 32991, "taskName": "Task-2"}
{"timestamp": "2025-09-21T11:58:49.685126Z", "level": "INFO", "logger": "app.logging_config", "message": "Logging configured", "module": "logging_config", "function": "configure_logging", "line": 260, "thread": 8443355328, "process": 33161, "taskName": null, "log_level": "INFO", "enable_request_logging": true, "event": "logging_configured"}
{"timestamp": "2025-09-21T11:58:49.686523Z", "level": "INFO", "logger": "app.logging_config", "message": "Logging configured", "module": "logging_config", "function": "configure_logging", "line": 260, "thread": 8443355328, "process": 33161, "taskName": null, "log_level": "INFO", "enable_request_logging": true, "event": "logging_configured"}
{"timestamp": "2025-09-21T11:58:49.704891Z", "level": "INFO", "logger": "app.main", "message": "\ud83d\ude80 Starting ML Recommendations API...", "module": "main", "function": "lifespan", "line": 82, "thread": 8443355328, "process": 33161, "taskName": "Task-2"}
{"timestamp": "2025-09-21T11:58:49.704942Z", "level": "INFO", "logger": "app.data_loader", "message": "\ud83d\udd27 Enhanced Data Loader initialized", "module": "data_loader", "function": "__init__", "line": 44, "thread": 8443355328, "process": 33161, "taskName": "Task-2"}
{"timestamp": "2025-09-21T11:58:49.704974Z", "level": "INFO", "logger": "app.application_stats", "message": "\ud83d\udd27 Application Stats Loader initialized", "module": "application_stats", "function": "__init__", "line": 48, "thread": 8443355328, "process": 33161, "taskName": "Task-2"}
{"timestamp": "2025-09-21T11:58:49.705002Z", "level": "INFO", "logger": "app.interview_meta", "message": "\ud83d\udd27 Interview Metadata Loader initialized", "module": "interview_meta", "function": "__init__", "line": 55, "thread": 8443355328, "process": 33161, "taskName": "Task-2"}
{"timestamp": "2025-09-21T11:58:49.705035Z", "level": "INFO", "logger": "app.alumni", "message": "\ud83d\udd27 Alumni Manager initialized", "module": "alumni", "function": "__init__", "line": 50, "thread": 8443355328, "process": 33161, "taskName": "Task-2"}
{"timestamp": "2025-09-21T11:58:49.705063Z", "level": "INFO", "logger": "app.ml_model", "message": "\ud83d\udd04 Loading ML data...", "module": "ml_model", "function": "load_data", "line": 74, "thread": 8443355328, "process": 33161, "taskName": "Task-2"}
{"timestamp": "2025-09-21T11:58:49.707318Z", "level": "INFO", "logger": "app.ml_model", "message": "\u2705 Loaded student.csv: 500 records", "module": "ml_model", "function": "load_data", "line": 89, "thread": 8443355328, "process": 33161, "taskName": "Task-2"}
{"timestamp": "2025-09-21T11:58:49.708251Z", "level": "INFO", "logger": "app.ml_model", "message": "\u2705 Loaded internship.csv: 200 records", "module": "ml_model", "function": "load_data", "line": 89, "thread": 8443355328, "process": 33161, "taskName": "Task-2"}
{"timestamp": "2025-09-21T11:58:49.710264Z", "level": "INFO", "logger": "app.ml_model", "message": "\u2705 Loaded interactions.csv: 2000 records", "module": "ml_model", "function": "load_data", "line": 89, "thread": 8443355328, "process": 33161, "taskName": "Task-2"}
{"timestamp": "2025-09-21T11:58:49.711404Z", "level": "INFO", "logger": "app.ml_model", "message": "\u2705 Loaded outcomes.csv: 800 records", "module": "ml_model", "function": "load_data", "line": 89, "thread": 8443355328, "process": 33161, "taskName": "Task-2"}
{"timestamp": "2025-09-21T11:58:49.711928Z", "level": "INFO", "logger": "app.ml_model", "message": "\u2705 Loaded internship_skills_courses.csv: 24 records", "module": "ml_model", "function": "load_data", "line": 89, "thread": 8443355328, "process": 33161, "taskName": "Task-2"}
{"timestamp": "2025-09-21T11:58:49.712959Z", "level": "INFO", "logger": "app.ml_model", "message": "\u2705 Course readiness data loaded", "module": "ml_model", "function": "load_data", "line": 97, "thread": 8443355328, "process": 33161, "taskName": "Task-2"}
{"timestamp": "2025-09-21T11:58:49.712996Z", "level": "INFO", "logger": "app.data_loader", "message": "\ud83d\udd04 Loading enhanced internship data...", "module": "data_loader", "function": "load_enhanced_internships", "line": 53, "thread": 8443355328, "process": 33161, "taskName": "Task-2"}
{"timestamp": "2025-09-21T11:58:49.715045Z", "level": "INFO", "logger": "app.data_loader", "message": "\u2705 Loaded enhanced internship data: 1000 internships", "module": "data_loader", "function": "load_enhanced_internships", "line": 61, "thread": 8443355328, "process": 33161, "taskName": "Task-2"}
{"timestamp": "2025-09-21T11:58:49.715079Z", "level": "INFO", "logger": "app.data_loader", "message": "\ud83d\udd04 Loading company metadata...", "module": "data_loader", "function": "load_company_metadata", "line": 89, "thread": 8443355328, "process": 33161, "taskName": "Task-2"}
{"timestamp": "2025-09-21T11:58:49.715706Z", "level": "INFO", "logger": "app.data_loader", "message": "\u2705 Loaded company metadata: 200 companies", "module": "data_loader", "function": "load_company_metadata", "line": 95, "thread": 8443355328, "process": 33161, "taskName": "Task-2"}
{"timestamp": "2025-09-21T11:58:49.715741Z", "level": "INFO", "logger": "app.data_loader", "message": "\ud83d\udd17 Merging company metadata...", "module": "data_loader", "function": "_merge_company_metadata", "line": 138, "thread": 8443355328, "process": 33161, "taskName": "Task-2"}
{"timestamp": "2025-09-21T11:58:49.716658Z", "level": "INFO", "logger": "app.data_loader", "message": "\u2705 Company metadata merged successfully", "module": "data_loader", "function": "_merge_company_metadata", "line": 160, "thread": 8443355328, "process": 33161, "taskName": "Task-2"}
{"timestamp": "2025-09-21T11:58:49.716692Z", "level": "INFO", "logger": "app.data_loader", "message": "\ud83e\uddee Calculating derived fields...", "module": "data_loader", "function": "_calculate_derived_fields", "line": 164, "thread": 8443355328, "process": 33161, "taskName": "Task-2"}
{"timestamp": "2025-09-21T11:58:49.721684Z", "level": "INFO", "logger": "app.data_loader", "message": "\u2705 Derived fields calculated successfully", "module": "data_loader", "function": "_calculate_derived_fields", "line": 193, "thread": 8443355328, "process": 33161, "taskName": "Task-2"}
{"timestamp": "2025-09-21T11:58:49.721715Z", "level": "INFO", "logger": "app.ml_model", "message": "\u2705 Enhanced internship data loaded", "module": "ml_model", "function": "load_data", "line": 104, "thread": 8443355328, "process": 33161, "taskName": "Task-2"}
{"timestamp": "2025-09-21T11:58:49.721745Z", "level": "INFO", "logger": "app.application_stats", "message": "\ud83d\udd04 Loading application statistics from ./data/application_statistics.csv", "module": "application_stats", "function": "load_application_stats", "line": 63, "thread": 8443355328, "process": 33161, "taskName": "Task-2"}
{"timestamp": "2025-09-21T11:58:49.722090Z", "level": "INFO", "logger": "app.application_stats", "message": "\u2705 Loaded application statistics: 20 internships", "module": "application_stats", "function": "load_application_stats", "line": 68, "thread": 8443355328, "process": 33161, "taskName": "Task-2"}
{"timestamp": "2025-09-21T11:58:49.722120Z", "level": "INFO", "logger": "app.application_stats", "message": "\ud83d\udd27 Normalizing application statistics data...", "module": "application_stats", "function": "normalize_stats", "line": 94, "thread": 8443355328, "process": 33161, "taskName": "Task-2"}
{"timestamp": "2025-09-21T11:58:49.723643Z", "level": "INFO", "logger": "app.application_stats", "message": "\u2705 Application statistics normalized successfully", "module": "application_stats", "function": "normalize_stats", "line": 148, "thread": 8443355328, "process": 33161, "taskName": "Task-2"}
{"timestamp": "2025-09-21T11:58:49.723676Z", "level": "INFO", "logger": "app.ml_model", "message": "\u2705 Application statistics loaded", "module": "ml_model", "function": "load_data", "line": 111, "thread": 8443355328, "process": 33161, "taskName": "Task-2"}
{"timestamp": "2025-09-21T11:58:49.723705Z", "level": "INFO", "logger": "app.interview_meta", "message": "\ud83d\udd04 Loading interview metadata from ./data/interview_process.csv", "module": "interview_meta", "function": "load_interview_meta", "line": 70, "thread": 8443355328, "process": 33161, "taskName": "Task-2"}
{"timestamp": "2025-09-21T11:58:49.724099Z", "level": "INFO", "logger": "app.interview_meta", "message": "\u2705 Loaded interview metadata: 15 records", "module": "interview_meta", "function": "load_interview_meta", "line": 75, "thread": 8443355328, "process": 33161, "taskName": "Task-2"}
{"timestamp": "2025-09-21T11:58:49.724128Z", "level": "INFO", "logger": "app.interview_meta", "message": "\ud83d\udd27 Normalizing interview metadata...", "module": "interview_meta", "function": "normalize_interview_meta", "line": 101, "thread": 8443355328, "process": 33161, "taskName": "Task-2"}
{"timestamp": "2025-09-21T11:58:49.724999Z", "level": "INFO", "logger": "app.interview_meta", "message": "\u2705 Interview metadata normalized successfully", "module": "interview_meta", "function": "normalize_interview_meta", "line": 150, "thread": 8443355328, "process": 33161, "taskName": "Task-2"}
{"timestamp": "2025-09-21T11:58:49.725031Z", "level": "INFO", "logger": "app.ml_model", "message": "\u2705 Interview metadata loaded", "module": "ml_model", "function": "load_data", "line": 118, "thread": 8443355328, "process": 33161, "taskName": "Task-2"}
{"timestamp": "2025-09-21T11:58:49.725059Z", "level": "INFO", "logger": "app.alumni", "message": "\ud83d\udd04 Loading alumni stories from ./data/alumni_success.csv", "module": "alumni", "function": "load_alumni", "line": 65, "thread": 8443355328, "process": 33161, "taskName": "Task-2"}
{"timestamp": "2025-09-21T11:58:49.725462Z", "level": "INFO", "logger": "app.alumni", "message": "\u2705 Loaded alumni stories: 15 records", "module": "alumni", "function": "load_alumni", "line": 70, "thread": 8443355328, "process": 33161, "taskName": "Task-2"}
{"timestamp": "2025-09-21T11:58:49.725494Z", "level": "INFO", "logger": "app.alumni", "message": "\ud83d\udd27 Normalizing alumni data...", "module": "alumni", "function": "_normalize_alumni_data", "line": 96, "thread": 8443355328, "process": 33161, "taskName": "Task-2"}
{"timestamp": "2025-09-21T11:58:49.726418Z", "level": "INFO", "logger": "app.alumni", "message": "\u2705 Alumni data normalized successfully", "module": "alumni", "function": "_normalize_alumni_data", "line": 147, "thread": 8443355328, "process": 33161, "taskName": "Task-2"}
{"timestamp": "2025-09-21T11:58:49.726451Z", "level": "INFO", "logger": "app.ml_model", "message": "\u2705 Alumni stories loaded", "module": "ml_model", "function": "load_data", "line": 124, "thread": 8443355328, "process": 33161, "taskName": "Task-2"}
{"timestamp": "2025-09-21T11:58:49.726478Z", "level": "INFO", "logger": "app.ml_model", "message": "\ud83c\udfaf ML data loading completed!", "module": "ml_model", "function": "load_data", "line": 129, "thread": 8443355328, "process": 33161, "taskName": "Task-2"}
{"timestamp": "2025-09-21T11:58:49.726504Z", "level": "INFO", "logger": "app.main", "message": "\u2705 ML model initialized successfully!", "module": "main", "function": "lifespan", "line": 90, "thread": 8443355328, "process": 33161, "taskName": "Task-2"}
{"timestamp": "2025-09-21T11:58:55.997119Z", "level": "INFO", "logger": "app.utils", "message": "\ud83d\udcca Recommendation Request - Student: TEST_TIMEOUT_001, Skills: 3, Stream: Computer Science, CGPA: 8.5, Location: Urban, Tier: Tier-1", "module": "utils", "function": "log_recommendation_request", "line": 215, "thread": 6117519360, "process": 33161, "taskName": null}
{"timestamp": "2025-09-21T11:58:55.997708Z", "level": "INFO", "logger": "app.ml_model", "message": "\ud83e\udd16 Generating recommendations for TEST_TIMEOUT_001", "module": "ml_model", "function": "get_recommendations", "line": 168, "thread": 6134345728, "process": 33161, "taskName": null}
{"timestamp": "2025-09-21T11:58:55.997777Z", "level": "INFO", "logger": "app.ml_model", "message": "\ud83d\udd0d Generating enhanced recommendations from real data...", "module": "ml_model", "function": "_generate_enhanced_recommendations", "line": 240, "thread": 6134345728, "process": 33161, "taskName": null}
{"timestamp": "2025-09-21T11:58:55.998610Z", "level": "INFO", "logger": "app.data_loader", "message": "\ud83d\udcca Active internships: 960 out of 1000", "module": "data_loader", "function": "get_active_internships", "line": 269, "thread": 6134345728, "process": 33161, "taskName": null}
{"timestamp": "2025-09-21T11:58:56.001324Z", "level": "INFO", "logger": "app.application_stats", "message": "\ud83d\udcca Filtered to 958 active internships out of 960", "module": "application_stats", "function": "get_active_internships_only", "line": 239, "thread": 6134345728, "process": 33161, "taskName": null}
{"timestamp": "2025-09-21T11:58:56.001650Z", "level": "INFO", "logger": "app.ml_model", "message": "\ud83d\udcca Filtered by application stats: 958 internships remaining", "module": "ml_model", "function": "_generate_enhanced_recommendations", "line": 256, "thread": 6134345728, "process": 33161, "taskName": null}
{"timestamp": "2025-09-21T11:58:56.001951Z", "level": "WARNING", "logger": "app.application_stats", "message": "\u26a0\ufe0f  No application statistics found for INT_0244", "module": "application_stats", "function": "get_stats_for_internship", "line": 210, "thread": 6134345728, "process": 33161, "taskName": null}
{"timestamp": "2025-09-21T11:58:56.004078Z", "level": "INFO", "logger": "app.alumni", "message": "\ud83d\udd0d Finding similar alumni for: computer science student with 3 skills", "module": "alumni", "function": "similar_alumni", "line": 175, "thread": 6134345728, "process": 33161, "taskName": null}
{"timestamp": "2025-09-21T11:58:56.004380Z", "level": "INFO", "logger": "app.alumni", "message": "\u2705 Found 2 similar alumni stories", "module": "alumni", "function": "similar_alumni", "line": 204, "thread": 6134345728, "process": 33161, "taskName": null}
{"timestamp": "2025-09-21T11:58:56.004568Z", "level": "WARNING", "logger": "app.application_stats", "message": "\u26a0\ufe0f  No application statistics found for INT_0477", "module": "application_stats", "function": "get_stats_for_internship", "line": 210, "thread": 6134345728, "process": 33161, "taskName": null}
{"timestamp": "2025-09-21T11:58:56.006163Z", "level": "INFO", "logger": "app.alumni", "message": "\ud83d\udd0d Finding similar alumni for: computer science student with 3 skills", "module": "alumni", "function": "similar_alumni", "line": 175, "thread": 6134345728, "process": 33161, "taskName": null}
{"timestamp": "2025-09-21T11:58:56.006440Z", "level": "INFO", "logger": "app.alumni", "message": "\u2705 Found 2 similar alumni stories", "module": "alumni", "function": "similar_alumni", "line": 204, "thread": 6134345728, "process": 33161, "taskName": null}
{"timestamp": "2025-09-21T11:58:56.008062Z", "level": "INFO", "logger": "app.alumni", "message": "\ud83d\udd0d Finding similar alumni for: computer science student with 3 skills", "module": "alumni", "function": "similar_alumni", "line": 175, "thread": 6134345728, "process": 33161, "taskName": null}
{"timestamp": "2025-09-21T11:58:56.008335Z", "level": "INFO", "logger": "app.alumni", "message": "\u2705 Found 2 similar alumni stories", "module": "alumni", "function": "similar_alumni", "line": 204, "thread": 6134345728, "process": 33161, "taskName": null}
{"timestamp": "2025-09-21T11:58:56.008494Z", "level": "WARNING", "logger": "app.application_stats", "message": "\u26a0\ufe0f  No application statistics found for INT_0943", "module": "application_stats", "function": "get_stats_for_internship", "line": 210, "thread": 6134345728, "process": 33161, "taskName": null}
{"timestamp": "2025-09-21T11:58:56.010103Z", "level": "INFO", "logger": "app.alumni", "message": "\ud83d\udd0d Finding similar alumni for: computer science student with 3 skills", "module": "alumni", "function": "similar_alumni", "line": 175, "thread": 6134345728, "process": 33161, "taskName": null}
{"timestamp": "2025-09-21T11:58:56.010374Z", "level": "INFO", "logger": "app.alumni", "message": "\u2705 Found 2 similar alumni stories", "module": "alumni", "function": "similar_alumni", "line": 204, "thread": 6134345728, "process": 33161, "taskName": null}
{"timestamp": "2025-09-21T11:58:56.010530Z", "level": "WARNING", "logger": "app.application_stats", "message": "\u26a0\ufe0f  No application statistics found for INT_0113", "module": "application_stats", "function": "get_stats_for_internship", "line": 210, "thread": 6134345728, "process": 33161, "taskName": null}
{"timestamp": "2025-09-21T11:58:56.012114Z", "level": "INFO", "logger": "app.alumni", "message": "\ud83d\udd0d Finding similar alumni for: computer science student with 3 skills", "module": "alumni", "function": "similar_alumni", "line": 175, "thread": 6134345728, "process": 33161, "taskName": null}
{"timestamp": "2025-09-21T11:58:56.012390Z", "level": "INFO", "logger": "app.alumni", "message": "\u2705 Found 2 similar alumni stories", "module": "alumni", "function": "similar_alumni", "line": 204, "thread": 6134345728, "process": 33161, "taskName": null}
{"timestamp": "2025-09-21T11:58:56.012545Z", "level": "WARNING", "logger": "app.application_stats", "message": "\u26a0\ufe0f  No application statistics found for INT_0288", "module": "application_stats", "function": "get_stats_for_internship", "line": 210, "thread": 6134345728, "process": 33161, "taskName": null}
{"timestamp": "2025-09-21T11:58:56.014130Z", "level": "INFO", "logger": "app.alumni", "message": "\ud83d\udd0d Finding similar alumni for: computer science student with 3 skills", "module": "alumni", "function": "similar_alumni", "line": 175, "thread": 6134345728, "process": 33161, "taskName": null}
{"timestamp": "2025-09-21T11:58:56.014399Z", "level": "INFO", "logger": "app.alumni", "message": "\u2705 Found 2 similar alumni stories", "module": "alumni", "function": "similar_alumni", "line": 204, "thread": 6134345728, "process": 33161, "taskName": null}
{"timestamp": "2025-09-21T11:58:56.014557Z", "level": "WARNING", "logger": "app.application_stats", "message": "\u26a0\ufe0f  No application statistics found for INT_0774", "module": "application_stats", "function": "get_stats_for_internship", "line": 210, "thread": 6134345728, "process": 33161, "taskName": null}
{"timestamp": "2025-09-21T11:58:56.016153Z", "level": "INFO", "logger": "app.alumni", "message": "\ud83d\udd0d Finding similar alumni for: computer science student with 3 skills", "module": "alumni", "function": "similar_alumni", "line": 175, "thread": 6134345728, "process": 33161, "taskName": null}
{"timestamp": "2025-09-21T11:58:56.016416Z", "level": "INFO", "logger": "app.alumni", "message": "\u2705 Found 2 similar alumni stories", "module": "alumni", "function": "similar_alumni", "line": 204, "thread": 6134345728, "process": 33161, "taskName": null}
{"timestamp": "2025-09-21T11:58:56.016569Z", "level": "WARNING", "logger": "app.application_stats", "message": "\u26a0\ufe0f  No application statistics found for INT_0731", "module": "application_stats", "function": "get_stats_for_internship", "line": 210, "thread": 6134345728, "process": 33161, "taskName": null}
{"timestamp": "2025-09-21T11:58:56.018084Z", "level": "INFO", "logger": "app.alumni", "message": "\ud83d\udd0d Finding similar alumni for: computer science student with 3 skills", "module": "alumni", "function": "similar_alumni", "line": 175, "thread": 6134345728, "process": 33161, "taskName": null}
{"timestamp": "2025-09-21T11:58:56.018348Z", "level": "INFO", "logger": "app.alumni", "message": "\u2705 Found 2 similar alumni stories", "module": "alumni", "function": "similar_alumni", "line": 204, "thread": 6134345728, "process": 33161, "taskName": null}
{"timestamp": "2025-09-21T11:58:56.018506Z", "level": "WARNING", "logger": "app.application_stats", "message": "\u26a0\ufe0f  No application statistics found for INT_0239", "module": "application_stats", "function": "get_stats_for_internship", "line": 210, "thread": 6134345728, "process": 33161, "taskName": null}
{"timestamp": "2025-09-21T11:58:56.020079Z", "level": "INFO", "logger": "app.alumni", "message": "\ud83d\udd0d Finding similar alumni for: computer science student with 3 skills", "module": "alumni", "function": "similar_alumni", "line": 175, "thread": 6134345728, "process": 33161, "taskName": null}
{"timestamp": "2025-09-21T11:58:56.020350Z", "level": "INFO", "logger": "app.alumni", "message": "\u2705 Found 2 similar alumni stories", "module": "alumni", "function": "similar_alumni", "line": 204, "thread": 6134345728, "process": 33161, "taskName": null}
{"timestamp": "2025-09-21T11:58:56.020506Z", "level": "WARNING", "logger": "app.application_stats", "message": "\u26a0\ufe0f  No application statistics found for INT_0353", "module": "application_stats", "function": "get_stats_for_internship", "line": 210, "thread": 6134345728, "process": 33161, "taskName": null}
{"timestamp": "2025-09-21T11:58:56.022101Z", "level": "INFO", "logger": "app.alumni", "message": "\ud83d\udd0d Finding similar alumni for: computer science student with 3 skills", "module": "alumni", "function": "similar_alumni", "line": 175, "thread": 6134345728, "process": 33161, "taskName": null}
{"timestamp": "2025-09-21T11:58:56.022375Z", "level": "INFO", "logger": "app.alumni", "message": "\u2705 Found 2 similar alumni stories", "module": "alumni", "function": "similar_alumni", "line": 204, "thread": 6134345728, "process": 33161, "taskName": null}
{"timestamp": "2025-09-21T11:58:56.022448Z", "level": "INFO", "logger": "app.live_counts", "message": "\ud83d\udd27 Live Counts Manager initialized (TTL: 300s, Rate Limit: 60/min)", "module": "live_counts", "function": "__init__", "line": 66, "thread": 6134345728, "process": 33161, "taskName": null}
{"timestamp": "2025-09-21T11:58:56.022485Z", "level": "INFO", "logger": "app.live_counts", "message": "\ud83d\udd04 Fetching live counts for 5 internships", "module": "live_counts", "function": "get_cached_counts", "line": 101, "thread": 6134345728, "process": 33161, "taskName": null}
{"timestamp": "2025-09-21T11:58:56.022528Z", "level": "WARNING", "logger": "app.live_counts", "message": "\u26a0\ufe0f  _fetch_from_api failed: No API endpoint configured", "module": "live_counts", "function": "fetch_live_counts", "line": 150, "thread": 6134345728, "process": 33161, "taskName": null}
{"timestamp": "2025-09-21T11:58:56.022557Z", "level": "INFO", "logger": "app.live_counts", "message": "\ud83c\udfad Using mock data for live counts", "module": "live_counts", "function": "_fetch_from_mock", "line": 194, "thread": 6134345728, "process": 33161, "taskName": null}
{"timestamp": "2025-09-21T11:58:56.022649Z", "level": "INFO", "logger": "app.live_counts", "message": "\u2705 Fetched live counts using _fetch_from_mock", "module": "live_counts", "function": "fetch_live_counts", "line": 147, "thread": 6134345728, "process": 33161, "taskName": null}
{"timestamp": "2025-09-21T11:58:56.022682Z", "level": "INFO", "logger": "app.live_counts", "message": "\ud83d\udcca Returned live counts for 5/5 internships", "module": "live_counts", "function": "get_cached_counts", "line": 115, "thread": 6134345728, "process": 33161, "taskName": null}
{"timestamp": "2025-09-21T11:58:56.022755Z", "level": "INFO", "logger": "app.ml_model", "message": "\u2705 Generated 5 recommendations", "module": "ml_model", "function": "get_recommendations", "line": 187, "thread": 6134345728, "process": 33161, "taskName": null}
{"timestamp": "2025-09-21T11:58:56.023010Z", "level": "INFO", "logger": "app.main", "message": "\u2705 Generated 5 recommendations for TEST_TIMEOUT_001", "module": "main", "function": "get_student_recommendations", "line": 481, "thread": 6117519360, "process": 33161, "taskName": null}
{"timestamp": "2025-09-21T12:00:42.509326Z", "level": "INFO", "logger": "app.main", "message": "\ud83d\uded1 Shutting down ML Recommendations API...", "module": "main", "function": "lifespan", "line": 100, "thread": 8443355328, "process": 33161, "taskName": "Task-2"}
{"timestamp": "2025-09-21T12:00:43.038539Z", "level": "INFO", "logger": "app.logging_config", "message": "Logging configured", "module": "logging_config", "function": "configure_logging", "line": 260, "thread": 8443355328, "process": 33378, "taskName": null, "log_level": "INFO", "enable_request_logging": true, "event": "logging_configured"}
{"timestamp": "2025-09-21T12:00:43.039748Z", "level": "INFO", "logger": "app.logging_config", "message": "Logging configured", "module": "logging_config", "function": "configure_logging", "line": 260, "thread": 8443355328, "process": 33378, "taskName": null, "log_level": "INFO", "enable_request_logging": true, "event": "logging_configured"}
{"timestamp": "2025-09-21T12:00:43.057630Z", "level": "INFO", "logger": "app.main", "message": "\ud83d\ude80 Starting ML Recommendations API...", "module": "main", "function": "lifespan", "line": 82, "thread": 8443355328, "process": 33378, "taskName": "Task-2"}
{"timestamp": "2025-09-21T12:00:43.057682Z", "level": "INFO", "logger": "app.data_loader", "message": "\ud83d\udd27 Enhanced Data Loader initialized", "module": "data_loader", "function": "__init__", "line": 44, "thread": 8443355328, "process": 33378, "taskName": "Task-2"}
{"timestamp": "2025-09-21T12:00:43.057714Z", "level": "INFO", "logger": "app.application_stats", "message": "\ud83d\udd27 Application Stats Loader initialized", "module": "application_stats", "function": "__init__", "line": 48, "thread": 8443355328, "process": 33378, "taskName": "Task-2"}
{"timestamp": "2025-09-21T12:00:43.057742Z", "level": "INFO", "logger": "app.interview_meta", "message": "\ud83d\udd27 Interview Metadata Loader initialized", "module": "interview_meta", "function": "__init__", "line": 55, "thread": 8443355328, "process": 33378, "taskName": "Task-2"}
{"timestamp": "2025-09-21T12:00:43.057769Z", "level": "INFO", "logger": "app.alumni", "message": "\ud83d\udd27 Alumni Manager initialized", "module": "alumni", "function": "__init__", "line": 50, "thread": 8443355328, "process": 33378, "taskName": "Task-2"}
{"timestamp": "2025-09-21T12:00:43.057798Z", "level": "INFO", "logger": "app.ml_model", "message": "\ud83d\udd04 Loading ML data...", "module": "ml_model", "function": "load_data", "line": 74, "thread": 8443355328, "process": 33378, "taskName": "Task-2"}
{"timestamp": "2025-09-21T12:00:43.061232Z", "level": "INFO", "logger": "app.ml_model", "message": "\u2705 Loaded student.csv: 500 records", "module": "ml_model", "function": "load_data", "line": 89, "thread": 8443355328, "process": 33378, "taskName": "Task-2"}
{"timestamp": "2025-09-21T12:00:43.062091Z", "level": "INFO", "logger": "app.ml_model", "message": "\u2705 Loaded internship.csv: 200 records", "module": "ml_model", "function": "load_data", "line": 89, "thread": 8443355328, "process": 33378, "taskName": "Task-2"}
{"timestamp": "2025-09-21T12:00:43.064179Z", "level": "INFO", "logger": "app.ml_model", "message": "\u2705 Loaded interactions.csv: 2000 records", "module": "ml_model", "function": "load_data", "line": 89, "thread": 8443355328, "process": 33378, "taskName": "Task-2"}
{"timestamp": "2025-09-21T12:00:43.065284Z", "level": "INFO", "logger": "app.ml_model", "message": "\u2705 Loaded outcomes.csv: 800 records", "module": "ml_model", "function": "load_data", "line": 89, "thread": 8443355328, "process": 33378, "taskName": "Task-2"}
{"timestamp": "2025-09-21T12:00:43.065800Z", "level": "INFO", "logger": "app.ml_model", "message": "\u2705 Loaded internship_skills_courses.csv: 24 records", "module": "ml_model", "function": "load_data", "line": 89, "thread": 8443355328, "process": 33378, "taskName": "Task-2"}
{"timestamp": "2025-09-21T12:00:43.067410Z", "level": "INFO", "logger": "app.ml_model", "message": "\u2705 Course readiness data loaded", "module": "ml_model", "function": "load_data", "line": 97, "thread": 8443355328, "process": 33378, "taskName": "Task-2"}
{"timestamp": "2025-09-21T12:00:43.067446Z", "level": "INFO", "logger": "app.data_loader", "message": "\ud83d\udd04 Loading enhanced internship data...", "module": "data_loader", "function": "load_enhanced_internships", "line": 53, "thread": 8443355328, "process": 33378, "taskName": "Task-2"}
{"timestamp": "2025-09-21T12:00:43.069430Z", "level": "INFO", "logger": "app.data_loader", "message": "\u2705 Loaded enhanced internship data: 1000 internships", "module": "data_loader", "function": "load_enhanced_internships", "line": 61, "thread": 8443355328, "process": 33378, "taskName": "Task-2"}
{"timestamp": "2025-09-21T12:00:43.069468Z", "level": "INFO", "logger": "app.data_loader", "message": "\ud83d\udd04 Loading company metadata...", "module": "data_loader", "function": "load_company_metadata", "line": 89, "thread": 8443355328, "process": 33378, "taskName": "Task-2"}
{"timestamp": "2025-09-21T12:00:43.070087Z", "level": "INFO", "logger": "app.data_loader", "message": "\u2705 Loaded company metadata: 200 companies", "module": "data_loader", "function": "load_company_metadata", "line": 95, "thread": 8443355328, "process": 33378, "taskName": "Task-2"}
{"timestamp": "2025-09-21T12:00:43.070127Z", "level": "INFO", "logger": "app.data_loader", "message": "\ud83d\udd17 Merging company metadata...", "module": "data_loader", "function": "_merge_company_metadata", "line": 138, "thread": 8443355328, "process": 33378, "taskName": "Task-2"}
{"timestamp": "2025-09-21T12:00:43.072804Z", "level": "INFO", "logger": "app.data_loader", "message": "\u2705 Company metadata merged successfully", "module": "data_loader", "function": "_merge_company_metadata", "line": 160, "thread": 8443355328, "process": 33378, "taskName": "Task-2"}
{"timestamp": "2025-09-21T12:00:43.072835Z", "level": "INFO", "logger": "app.data_loader", "message": "\ud83e\uddee Calculating derived fields...", "module": "data_loader", "function": "_calculate_derived_fields", "line": 164, "thread": 8443355328, "process": 33378, "taskName": "Task-2"}
{"timestamp": "2025-09-21T12:00:43.077903Z", "level": "INFO", "logger": "app.data_loader", "message": "\u2705 Derived fields calculated successfully", "module": "data_loader", "function": "_calculate_derived_fields", "line": 193, "thread": 8443355328, "process": 33378, "taskName": "Task-2"}
{"timestamp": "2025-09-21T12:00:43.077938Z", "level": "INFO", "logger": "app.ml_model", "message": "\u2705 Enhanced internship data loaded", "module": "ml_model", "function": "load_data", "line": 104, "thread": 8443355328, "process": 33378, "taskName": "Task-2"}
{"timestamp": "2025-09-21T12:00:43.077968Z", "level": "INFO", "logger": "app.application_stats", "message": "\ud83d\udd04 Loading application statistics from ./data/application_statistics.csv", "module": "application_stats", "function": "load_application_stats", "line": 63, "thread": 8443355328, "process": 33378, "taskName": "Task-2"}
{"timestamp": "2025-09-21T12:00:43.078470Z", "level": "INFO", "logger": "app.application_stats", "message": "\u2705 Loaded application statistics: 20 internships", "module": "application_stats", "function": "load_application_stats", "line": 68, "thread": 8443355328, "process": 33378, "taskName": "Task-2"}
{"timestamp": "2025-09-21T12:00:43.078501Z", "level": "INFO", "logger": "app.application_stats", "message": "\ud83d\udd27 Normalizing application statistics data...", "module": "application_stats", "function": "normalize_stats", "line": 94, "thread": 8443355328, "process": 33378, "taskName": "Task-2"}
{"timestamp": "2025-09-21T12:00:43.079998Z", "level": "INFO", "logger": "app.application_stats", "message": "\u2705 Application statistics normalized successfully", "module": "application_stats", "function": "normalize_stats", "line": 148, "thread": 8443355328, "process": 33378, "taskName": "Task-2"}
{"timestamp": "2025-09-21T12:00:43.080032Z", "level": "INFO", "logger": "app.ml_model", "message": "\u2705 Application statistics loaded", "module": "ml_model", "function": "load_data", "line": 111, "thread": 8443355328, "process": 33378, "taskName": "Task-2"}
{"timestamp": "2025-09-21T12:00:43.080060Z", "level": "INFO", "logger": "app.interview_meta", "message": "\ud83d\udd04 Loading interview metadata from ./data/interview_process.csv", "module": "interview_meta", "function": "load_interview_meta", "line": 70, "thread": 8443355328, "process": 33378, "taskName": "Task-2"}
{"timestamp": "2025-09-21T12:00:43.080588Z", "level": "INFO", "logger": "app.interview_meta", "message": "\u2705 Loaded interview metadata: 15 records", "module": "interview_meta", "function": "load_interview_meta", "line": 75, "thread": 8443355328, "process": 33378, "taskName": "Task-2"}
{"timestamp": "2025-09-21T12:00:43.080617Z", "level": "INFO", "logger": "app.interview_meta", "message": "\ud83d\udd27 Normalizing interview metadata...", "module": "interview_meta", "function": "normalize_interview_meta", "line": 101, "thread": 8443355328, "process": 33378, "taskName": "Task-2"}
{"timestamp": "2025-09-21T12:00:43.081472Z", "level": "INFO", "logger": "app.interview_meta", "message": "\u2705 Interview metadata normalized successfully", "module": "interview_meta", "function": "normalize_interview_meta", "line": 150, "thread": 8443355328, "process": 33378, "taskName": "Task-2"}
{"timestamp": "2025-09-21T12:00:43.081504Z", "level": "INFO", "logger": "app.ml_model", "message": "\u2705 Interview metadata loaded", "module": "ml_model", "function": "load_data", "line": 118, "thread": 8443355328, "process": 33378, "taskName": "Task-2"}
{"timestamp": "2025-09-21T12:00:43.081533Z", "level": "INFO", "logger": "app.alumni", "message": "\ud83d\udd04 Loading alumni stories from ./data/alumni_success.csv", "module": "alumni", "function": "load_alumni", "line": 65, "thread": 8443355328, "process": 33378, "taskName": "Task-2"}
{"timestamp": "2025-09-21T12:00:43.082071Z", "level": "INFO", "logger": "app.alumni", "message": "\u2705 Loaded alumni stories: 15 records", "module": "alumni", "function": "load_alumni", "line": 70, "thread": 8443355328, "process": 33378, "taskName": "Task-2"}
{"timestamp": "2025-09-21T12:00:43.082102Z", "level": "INFO", "logger": "app.alumni", "message": "\ud83d\udd27 Normalizing alumni data...", "module": "alumni", "function": "_normalize_alumni_data", "line": 96, "thread": 8443355328, "process": 33378, "taskName": "Task-2"}
{"timestamp": "2025-09-21T12:00:43.083010Z", "level": "INFO", "logger": "app.alumni", "message": "\u2705 Alumni data normalized successfully", "module": "alumni", "function": "_normalize_alumni_data", "line": 147, "thread": 8443355328, "process": 33378, "taskName": "Task-2"}
{"timestamp": "2025-09-21T12:00:43.083042Z", "level": "INFO", "logger": "app.ml_model", "message": "\u2705 Alumni stories loaded", "module": "ml_model", "function": "load_data", "line": 124, "thread": 8443355328, "process": 33378, "taskName": "Task-2"}
{"timestamp": "2025-09-21T12:00:43.083069Z", "level": "INFO", "logger": "app.ml_model", "message": "\ud83c\udfaf ML data loading completed!", "module": "ml_model", "function": "load_data", "line": 129, "thread": 8443355328, "process": 33378, "taskName": "Task-2"}
{"timestamp": "2025-09-21T12:00:43.083097Z", "level": "INFO", "logger": "app.main", "message": "\u2705 ML model initialized successfully!", "module": "main", "function": "lifespan", "line": 90, "thread": 8443355328, "process": 33378, "taskName": "Task-2"}
